# JRE version: OpenJDK Runtime Environment (21.0.4) (build 21.0.4+-12508038-b607.1)
# Java VM: OpenJDK 64-Bit Server VM (21.0.4+-12508038-b607.1, mixed mode, tiered, compressed oops, compressed class ptrs, g1 gc, windows-amd64)
GC Precious Log:
 CardTable entry size: 512
 Card Set container configuration: InlinePtr #cards 4 size 8 Array Of Cards #cards 32 size 80 Howl #buckets 8 coarsen threshold 7372 Howl Bitmap #cards 1024 size 144 coarsen threshold 921 Card regions per heap region 1 cards per card region 8192
 CPUs: 12 total, 12 available
 Memory: 7597M
 Large Page Support: Disabled
 NUMA Support: Disabled
 Compressed Oops: Enabled (Zero based)
 Heap Region Size: 4M
 Heap Min Capacity: 8M
 Heap Initial Capacity: 120M
 Heap Max Capacity: 8G
 Pre-touch: Disabled
 Parallel Workers: 10
 Concurrent Workers: 3
 Concurrent Refinement Workers: 10
 Periodic GC: Disabled
Heap:
 garbage-first heap   total 1277952K, used 507754K [0x0000000600000000, 0x0000000800000000)
  region size 4096K, 6 young (24576K), 6 survivors (24576K)
 Metaspace       used 144491K, committed 149632K, reserved 1179648K
  class space    used 18570K, committed 20736K, reserved 1048576K
GC Heap History (20 events):
Event: 5656.760 GC heap after
{Heap after GC invocations=87 (full 0):
 garbage-first heap   total 1277952K, used 469039K [0x0000000600000000, 0x0000000800000000)
  region size 4096K, 9 young (36864K), 9 survivors (36864K)
 Metaspace       used 144871K, committed 148032K, reserved 1179648K
  class space    used 19042K, committed 20544K, reserved 1048576K
}
Event: 8660.288 GC heap before
{Heap before GC invocations=88 (full 0):
 garbage-first heap   total 1277952K, used 1071151K [0x0000000600000000, 0x0000000800000000)
  region size 4096K, 162 young (663552K), 9 survivors (36864K)
 Metaspace       used 145279K, committed 148480K, reserved 1179648K
  class space    used 19052K, committed 20608K, reserved 1048576K
}
Event: 8660.684 GC heap after
{Heap after GC invocations=89 (full 0):
 garbage-first heap   total 1277952K, used 422882K [0x0000000600000000, 0x0000000800000000)
  region size 4096K, 2 young (8192K), 2 survivors (8192K)
 Metaspace       used 145279K, committed 148480K, reserved 1179648K
  class space    used 19052K, committed 20608K, reserved 1048576K
}
Event: 9032.698 GC heap before
{Heap before GC invocations=89 (full 0):
 garbage-first heap   total 1277952K, used 1139682K [0x0000000600000000, 0x0000000800000000)
  region size 4096K, 178 young (729088K), 2 survivors (8192K)
 Metaspace       used 146272K, committed 149568K, reserved 1179648K
  class space    used 19145K, committed 20736K, reserved 1048576K
}
Event: 9032.917 GC heap after
{Heap after GC invocations=90 (full 0):
 garbage-first heap   total 1277952K, used 372736K [0x0000000600000000, 0x0000000800000000)
  region size 4096K, 8 young (32768K), 8 survivors (32768K)
 Metaspace       used 146272K, committed 149568K, reserved 1179648K
  class space    used 19145K, committed 20736K, reserved 1048576K
}
Event: 9033.142 GC heap before
{Heap before GC invocations=90 (full 0):
 garbage-first heap   total 1277952K, used 401408K [0x0000000600000000, 0x0000000800000000)
  region size 4096K, 15 young (61440K), 8 survivors (32768K)
 Metaspace       used 146299K, committed 149568K, reserved 1179648K
  class space    used 19148K, committed 20736K, reserved 1048576K
}
Event: 9033.200 GC heap after
{Heap after GC invocations=91 (full 0):
 garbage-first heap   total 1277952K, used 380928K [0x0000000600000000, 0x0000000800000000)
  region size 4096K, 2 young (8192K), 2 survivors (8192K)
 Metaspace       used 146299K, committed 149568K, reserved 1179648K
  class space    used 19148K, committed 20736K, reserved 1048576K
}
Event: 9033.800 GC heap before
{Heap before GC invocations=91 (full 0):
 garbage-first heap   total 1277952K, used 434176K [0x0000000600000000, 0x0000000800000000)
  region size 4096K, 15 young (61440K), 2 survivors (8192K)
 Metaspace       used 146335K, committed 149632K, reserved 1179648K
  class space    used 19153K, committed 20736K, reserved 1048576K
}
Event: 9033.823 GC heap after
{Heap after GC invocations=92 (full 0):
 garbage-first heap   total 1277952K, used 388464K [0x0000000600000000, 0x0000000800000000)
  region size 4096K, 2 young (8192K), 2 survivors (8192K)
 Metaspace       used 146335K, committed 149632K, reserved 1179648K
  class space    used 19153K, committed 20736K, reserved 1048576K
}
Event: 9034.656 GC heap before
{Heap before GC invocations=93 (full 0):
 garbage-first heap   total 1277952K, used 441712K [0x0000000600000000, 0x0000000800000000)
  region size 4096K, 15 young (61440K), 2 survivors (8192K)
 Metaspace       used 143694K, committed 149632K, reserved 1179648K
  class space    used 18517K, committed 20736K, reserved 1048576K
}
Event: 9034.681 GC heap after
{Heap after GC invocations=94 (full 0):
 garbage-first heap   total 1277952K, used 403122K [0x0000000600000000, 0x0000000800000000)
  region size 4096K, 2 young (8192K), 2 survivors (8192K)
 Metaspace       used 143694K, committed 149632K, reserved 1179648K
  class space    used 18517K, committed 20736K, reserved 1048576K
}
Event: 9073.502 GC heap before
{Heap before GC invocations=94 (full 0):
 garbage-first heap   total 1277952K, used 595634K [0x0000000600000000, 0x0000000800000000)
  region size 4096K, 49 young (200704K), 2 survivors (8192K)
 Metaspace       used 143791K, committed 149632K, reserved 1179648K
  class space    used 18520K, committed 20736K, reserved 1048576K
}
Event: 9073.564 GC heap after
{Heap after GC invocations=95 (full 0):
 garbage-first heap   total 1277952K, used 421073K [0x0000000600000000, 0x0000000800000000)
  region size 4096K, 7 young (28672K), 7 survivors (28672K)
 Metaspace       used 143791K, committed 149632K, reserved 1179648K
  class space    used 18520K, committed 20736K, reserved 1048576K
}
Event: 9074.623 GC heap before
{Heap before GC invocations=95 (full 0):
 garbage-first heap   total 1277952K, used 580817K [0x0000000600000000, 0x0000000800000000)
  region size 4096K, 46 young (188416K), 7 survivors (28672K)
 Metaspace       used 144063K, committed 149632K, reserved 1179648K
  class space    used 18543K, committed 20736K, reserved 1048576K
}
Event: 9074.685 GC heap after
{Heap after GC invocations=96 (full 0):
 garbage-first heap   total 1277952K, used 441100K [0x0000000600000000, 0x0000000800000000)
  region size 4096K, 6 young (24576K), 6 survivors (24576K)
 Metaspace       used 144063K, committed 149632K, reserved 1179648K
  class space    used 18543K, committed 20736K, reserved 1048576K
}
Event: 9162.014 GC heap before
{Heap before GC invocations=96 (full 0):
 garbage-first heap   total 1277952K, used 719628K [0x0000000600000000, 0x0000000800000000)
  region size 4096K, 74 young (303104K), 6 survivors (24576K)
 Metaspace       used 144213K, committed 149632K, reserved 1179648K
  class space    used 18551K, committed 20736K, reserved 1048576K
}
Event: 9162.455 GC heap after
{Heap after GC invocations=97 (full 0):
 garbage-first heap   total 1277952K, used 481161K [0x0000000600000000, 0x0000000800000000)
  region size 4096K, 10 young (40960K), 10 survivors (40960K)
 Metaspace       used 144213K, committed 149632K, reserved 1179648K
  class space    used 18551K, committed 20736K, reserved 1048576K
}
Event: 9162.998 GC heap before
{Heap before GC invocations=97 (full 0):
 garbage-first heap   total 1277952K, used 501641K [0x0000000600000000, 0x0000000800000000)
  region size 4096K, 15 young (61440K), 10 survivors (40960K)
 Metaspace       used 144225K, committed 149632K, reserved 1179648K
  class space    used 18551K, committed 20736K, reserved 1048576K
}
Event: 9163.146 GC heap after
{Heap after GC invocations=98 (full 0):
 garbage-first heap   total 1277952K, used 485487K [0x0000000600000000, 0x0000000800000000)
  region size 4096K, 2 young (8192K), 2 survivors (8192K)
 Metaspace       used 144225K, committed 149632K, reserved 1179648K
  class space    used 18551K, committed 20736K, reserved 1048576K
}
Event: 9165.241 GC heap before
{Heap before GC invocations=98 (full 0):
 garbage-first heap   total 1277952K, used 669807K [0x0000000600000000, 0x0000000800000000)
  region size 4096K, 47 young (192512K), 2 survivors (8192K)
 Metaspace       used 144491K, committed 149632K, reserved 1179648K
  class space    used 18570K, committed 20736K, reserved 1048576K
}

